<?xml version="1.0" encoding="UTF-8"?>
<testsuite xmlns:xsi="http://www.w3.org/2001/XMLSchema-instance" xsi:noNamespaceSchemaLocation="https://maven.apache.org/surefire/maven-surefire-plugin/xsd/surefire-test-report.xsd" name="com.orangeHRM.e2eTests.TestRunner" time="50.955" tests="7" errors="1" skipped="0" failures="0">
  <properties>
    <property name="sun.desktop" value="gnome"/>
    <property name="awt.toolkit" value="sun.awt.X11.XToolkit"/>
    <property name="java.specification.version" value="11"/>
    <property name="sun.cpu.isalist" value=""/>
    <property name="sun.jnu.encoding" value="UTF-8"/>
    <property name="java.class.path" value="/home/offliner/Documents/The Fulcrum/framework-cucumber-selenium/target/test-classes:/home/offliner/Documents/The Fulcrum/framework-cucumber-selenium/target/classes:/home/offliner/.m2/repository/junit/junit/4.11/junit-4.11.jar:/home/offliner/.m2/repository/org/hamcrest/hamcrest-core/1.3/hamcrest-core-1.3.jar:/home/offliner/.m2/repository/info/cukes/cucumber-junit/1.2.4/cucumber-junit-1.2.4.jar:/home/offliner/.m2/repository/info/cukes/cucumber-core/1.2.4/cucumber-core-1.2.4.jar:/home/offliner/.m2/repository/info/cukes/cucumber-html/0.2.3/cucumber-html-0.2.3.jar:/home/offliner/.m2/repository/info/cukes/cucumber-jvm-deps/1.0.5/cucumber-jvm-deps-1.0.5.jar:/home/offliner/.m2/repository/info/cukes/gherkin/2.12.2/gherkin-2.12.2.jar:/home/offliner/.m2/repository/info/cukes/cucumber-java/1.2.4/cucumber-java-1.2.4.jar:/home/offliner/.m2/repository/log4j/log4j/1.2.17/log4j-1.2.17.jar:/home/offliner/.m2/repository/org/assertj/assertj-core/3.2.0/assertj-core-3.2.0.jar:/home/offliner/.m2/repository/commons-codec/commons-codec/1.10/commons-codec-1.10.jar:/home/offliner/.m2/repository/org/slf4j/slf4j-log4j12/1.7.18/slf4j-log4j12-1.7.18.jar:/home/offliner/.m2/repository/org/slf4j/slf4j-api/1.7.18/slf4j-api-1.7.18.jar:/home/offliner/.m2/repository/com/aventstack/extentreports/3.1.3/extentreports-3.1.3.jar:/home/offliner/.m2/repository/org/freemarker/freemarker/2.3.23/freemarker-2.3.23.jar:/home/offliner/.m2/repository/org/mongodb/mongodb-driver/3.3.0/mongodb-driver-3.3.0.jar:/home/offliner/.m2/repository/org/mongodb/bson/3.3.0/bson-3.3.0.jar:/home/offliner/.m2/repository/org/mongodb/mongodb-driver-core/3.3.0/mongodb-driver-core-3.3.0.jar:/home/offliner/.m2/repository/org/apache/httpcomponents/httpclient/4.5.2/httpclient-4.5.2.jar:/home/offliner/.m2/repository/org/apache/httpcomponents/httpcore/4.4.4/httpcore-4.4.4.jar:/home/offliner/.m2/repository/commons-logging/commons-logging/1.2/commons-logging-1.2.jar:/home/offliner/.m2/repository/org/apache/httpcomponents/httpmime/4.5.2/httpmime-4.5.2.jar:/home/offliner/.m2/repository/org/jsoup/jsoup/1.9.2/jsoup-1.9.2.jar:/home/offliner/.m2/repository/com/google/code/gson/gson/2.8.0/gson-2.8.0.jar:/home/offliner/.m2/repository/com/vimalselvam/cucumber-extentsreport/3.0.0/cucumber-extentsreport-3.0.0.jar:/home/offliner/.m2/repository/org/seleniumhq/selenium/selenium-java/3.141.59/selenium-java-3.141.59.jar:/home/offliner/.m2/repository/org/seleniumhq/selenium/selenium-api/3.141.59/selenium-api-3.141.59.jar:/home/offliner/.m2/repository/org/seleniumhq/selenium/selenium-chrome-driver/3.141.59/selenium-chrome-driver-3.141.59.jar:/home/offliner/.m2/repository/org/seleniumhq/selenium/selenium-edge-driver/3.141.59/selenium-edge-driver-3.141.59.jar:/home/offliner/.m2/repository/org/seleniumhq/selenium/selenium-firefox-driver/3.141.59/selenium-firefox-driver-3.141.59.jar:/home/offliner/.m2/repository/org/seleniumhq/selenium/selenium-ie-driver/3.141.59/selenium-ie-driver-3.141.59.jar:/home/offliner/.m2/repository/org/seleniumhq/selenium/selenium-opera-driver/3.141.59/selenium-opera-driver-3.141.59.jar:/home/offliner/.m2/repository/org/seleniumhq/selenium/selenium-remote-driver/3.141.59/selenium-remote-driver-3.141.59.jar:/home/offliner/.m2/repository/org/seleniumhq/selenium/selenium-safari-driver/3.141.59/selenium-safari-driver-3.141.59.jar:/home/offliner/.m2/repository/org/seleniumhq/selenium/selenium-support/3.141.59/selenium-support-3.141.59.jar:/home/offliner/.m2/repository/net/bytebuddy/byte-buddy/1.8.15/byte-buddy-1.8.15.jar:/home/offliner/.m2/repository/org/apache/commons/commons-exec/1.3/commons-exec-1.3.jar:/home/offliner/.m2/repository/com/google/guava/guava/25.0-jre/guava-25.0-jre.jar:/home/offliner/.m2/repository/com/google/code/findbugs/jsr305/1.3.9/jsr305-1.3.9.jar:/home/offliner/.m2/repository/org/checkerframework/checker-compat-qual/2.0.0/checker-compat-qual-2.0.0.jar:/home/offliner/.m2/repository/com/google/errorprone/error_prone_annotations/2.1.3/error_prone_annotations-2.1.3.jar:/home/offliner/.m2/repository/com/google/j2objc/j2objc-annotations/1.1/j2objc-annotations-1.1.jar:/home/offliner/.m2/repository/org/codehaus/mojo/animal-sniffer-annotations/1.14/animal-sniffer-annotations-1.14.jar:/home/offliner/.m2/repository/com/squareup/okhttp3/okhttp/3.11.0/okhttp-3.11.0.jar:/home/offliner/.m2/repository/com/squareup/okio/okio/1.14.0/okio-1.14.0.jar:/home/offliner/.m2/repository/net/code-story/simplelenium/2.1/simplelenium-2.1.jar:/home/offliner/.m2/repository/org/apache/commons/commons-compress/1.10/commons-compress-1.10.jar:"/>
    <property name="java.vm.vendor" value="Ubuntu"/>
    <property name="sun.arch.data.model" value="64"/>
    <property name="java.vendor.url" value="https://ubuntu.com/"/>
    <property name="user.timezone" value=""/>
    <property name="java.vm.specification.version" value="11"/>
    <property name="os.name" value="Linux"/>
    <property name="sun.java.launcher" value="SUN_STANDARD"/>
    <property name="user.country" value="US"/>
    <property name="sun.boot.library.path" value="/usr/lib/jvm/java-11-openjdk-amd64/lib"/>
    <property name="sun.java.command" value="/home/offliner/Documents/The Fulcrum/framework-cucumber-selenium/target/surefire/surefirebooter9706419411578367013.jar /home/offliner/Documents/The Fulcrum/framework-cucumber-selenium/target/surefire 2021-02-06T19-31-33_609-jvmRun1 surefire16270609131334419911tmp surefire_014733955822458901122tmp"/>
    <property name="jdk.debug" value="release"/>
    <property name="surefire.test.class.path" value="/home/offliner/Documents/The Fulcrum/framework-cucumber-selenium/target/test-classes:/home/offliner/Documents/The Fulcrum/framework-cucumber-selenium/target/classes:/home/offliner/.m2/repository/junit/junit/4.11/junit-4.11.jar:/home/offliner/.m2/repository/org/hamcrest/hamcrest-core/1.3/hamcrest-core-1.3.jar:/home/offliner/.m2/repository/info/cukes/cucumber-junit/1.2.4/cucumber-junit-1.2.4.jar:/home/offliner/.m2/repository/info/cukes/cucumber-core/1.2.4/cucumber-core-1.2.4.jar:/home/offliner/.m2/repository/info/cukes/cucumber-html/0.2.3/cucumber-html-0.2.3.jar:/home/offliner/.m2/repository/info/cukes/cucumber-jvm-deps/1.0.5/cucumber-jvm-deps-1.0.5.jar:/home/offliner/.m2/repository/info/cukes/gherkin/2.12.2/gherkin-2.12.2.jar:/home/offliner/.m2/repository/info/cukes/cucumber-java/1.2.4/cucumber-java-1.2.4.jar:/home/offliner/.m2/repository/log4j/log4j/1.2.17/log4j-1.2.17.jar:/home/offliner/.m2/repository/org/assertj/assertj-core/3.2.0/assertj-core-3.2.0.jar:/home/offliner/.m2/repository/commons-codec/commons-codec/1.10/commons-codec-1.10.jar:/home/offliner/.m2/repository/org/slf4j/slf4j-log4j12/1.7.18/slf4j-log4j12-1.7.18.jar:/home/offliner/.m2/repository/org/slf4j/slf4j-api/1.7.18/slf4j-api-1.7.18.jar:/home/offliner/.m2/repository/com/aventstack/extentreports/3.1.3/extentreports-3.1.3.jar:/home/offliner/.m2/repository/org/freemarker/freemarker/2.3.23/freemarker-2.3.23.jar:/home/offliner/.m2/repository/org/mongodb/mongodb-driver/3.3.0/mongodb-driver-3.3.0.jar:/home/offliner/.m2/repository/org/mongodb/bson/3.3.0/bson-3.3.0.jar:/home/offliner/.m2/repository/org/mongodb/mongodb-driver-core/3.3.0/mongodb-driver-core-3.3.0.jar:/home/offliner/.m2/repository/org/apache/httpcomponents/httpclient/4.5.2/httpclient-4.5.2.jar:/home/offliner/.m2/repository/org/apache/httpcomponents/httpcore/4.4.4/httpcore-4.4.4.jar:/home/offliner/.m2/repository/commons-logging/commons-logging/1.2/commons-logging-1.2.jar:/home/offliner/.m2/repository/org/apache/httpcomponents/httpmime/4.5.2/httpmime-4.5.2.jar:/home/offliner/.m2/repository/org/jsoup/jsoup/1.9.2/jsoup-1.9.2.jar:/home/offliner/.m2/repository/com/google/code/gson/gson/2.8.0/gson-2.8.0.jar:/home/offliner/.m2/repository/com/vimalselvam/cucumber-extentsreport/3.0.0/cucumber-extentsreport-3.0.0.jar:/home/offliner/.m2/repository/org/seleniumhq/selenium/selenium-java/3.141.59/selenium-java-3.141.59.jar:/home/offliner/.m2/repository/org/seleniumhq/selenium/selenium-api/3.141.59/selenium-api-3.141.59.jar:/home/offliner/.m2/repository/org/seleniumhq/selenium/selenium-chrome-driver/3.141.59/selenium-chrome-driver-3.141.59.jar:/home/offliner/.m2/repository/org/seleniumhq/selenium/selenium-edge-driver/3.141.59/selenium-edge-driver-3.141.59.jar:/home/offliner/.m2/repository/org/seleniumhq/selenium/selenium-firefox-driver/3.141.59/selenium-firefox-driver-3.141.59.jar:/home/offliner/.m2/repository/org/seleniumhq/selenium/selenium-ie-driver/3.141.59/selenium-ie-driver-3.141.59.jar:/home/offliner/.m2/repository/org/seleniumhq/selenium/selenium-opera-driver/3.141.59/selenium-opera-driver-3.141.59.jar:/home/offliner/.m2/repository/org/seleniumhq/selenium/selenium-remote-driver/3.141.59/selenium-remote-driver-3.141.59.jar:/home/offliner/.m2/repository/org/seleniumhq/selenium/selenium-safari-driver/3.141.59/selenium-safari-driver-3.141.59.jar:/home/offliner/.m2/repository/org/seleniumhq/selenium/selenium-support/3.141.59/selenium-support-3.141.59.jar:/home/offliner/.m2/repository/net/bytebuddy/byte-buddy/1.8.15/byte-buddy-1.8.15.jar:/home/offliner/.m2/repository/org/apache/commons/commons-exec/1.3/commons-exec-1.3.jar:/home/offliner/.m2/repository/com/google/guava/guava/25.0-jre/guava-25.0-jre.jar:/home/offliner/.m2/repository/com/google/code/findbugs/jsr305/1.3.9/jsr305-1.3.9.jar:/home/offliner/.m2/repository/org/checkerframework/checker-compat-qual/2.0.0/checker-compat-qual-2.0.0.jar:/home/offliner/.m2/repository/com/google/errorprone/error_prone_annotations/2.1.3/error_prone_annotations-2.1.3.jar:/home/offliner/.m2/repository/com/google/j2objc/j2objc-annotations/1.1/j2objc-annotations-1.1.jar:/home/offliner/.m2/repository/org/codehaus/mojo/animal-sniffer-annotations/1.14/animal-sniffer-annotations-1.14.jar:/home/offliner/.m2/repository/com/squareup/okhttp3/okhttp/3.11.0/okhttp-3.11.0.jar:/home/offliner/.m2/repository/com/squareup/okio/okio/1.14.0/okio-1.14.0.jar:/home/offliner/.m2/repository/net/code-story/simplelenium/2.1/simplelenium-2.1.jar:/home/offliner/.m2/repository/org/apache/commons/commons-compress/1.10/commons-compress-1.10.jar:"/>
    <property name="sun.cpu.endian" value="little"/>
    <property name="user.home" value="/home/offliner"/>
    <property name="user.language" value="en"/>
    <property name="java.specification.vendor" value="Oracle Corporation"/>
    <property name="java.version.date" value="2020-11-04"/>
    <property name="java.home" value="/usr/lib/jvm/java-11-openjdk-amd64"/>
    <property name="file.separator" value="/"/>
    <property name="basedir" value="/home/offliner/Documents/The Fulcrum/framework-cucumber-selenium"/>
    <property name="java.vm.compressedOopsMode" value="32-bit"/>
    <property name="line.separator" value="&#10;"/>
    <property name="java.specification.name" value="Java Platform API Specification"/>
    <property name="java.vm.specification.vendor" value="Oracle Corporation"/>
    <property name="java.awt.graphicsenv" value="sun.awt.X11GraphicsEnvironment"/>
    <property name="surefire.real.class.path" value="/home/offliner/Documents/The Fulcrum/framework-cucumber-selenium/target/surefire/surefirebooter9706419411578367013.jar"/>
    <property name="sun.management.compiler" value="HotSpot 64-Bit Tiered Compilers"/>
    <property name="java.runtime.version" value="11.0.9.1+1-Ubuntu-0ubuntu1.20.04"/>
    <property name="user.name" value="offliner"/>
    <property name="path.separator" value=":"/>
    <property name="os.version" value="5.4.0-65-generic"/>
    <property name="java.runtime.name" value="OpenJDK Runtime Environment"/>
    <property name="file.encoding" value="UTF-8"/>
    <property name="java.vm.name" value="OpenJDK 64-Bit Server VM"/>
    <property name="localRepository" value="/home/offliner/.m2/repository"/>
    <property name="java.vendor.url.bug" value="https://bugs.launchpad.net/ubuntu/+source/openjdk-lts"/>
    <property name="java.io.tmpdir" value="/tmp"/>
    <property name="java.version" value="11.0.9.1"/>
    <property name="user.dir" value="/home/offliner/Documents/The Fulcrum/framework-cucumber-selenium"/>
    <property name="os.arch" value="amd64"/>
    <property name="java.vm.specification.name" value="Java Virtual Machine Specification"/>
    <property name="java.awt.printerjob" value="sun.print.PSPrinterJob"/>
    <property name="sun.os.patch.level" value="unknown"/>
    <property name="java.library.path" value="/usr/java/packages/lib:/usr/lib/x86_64-linux-gnu/jni:/lib/x86_64-linux-gnu:/usr/lib/x86_64-linux-gnu:/usr/lib/jni:/lib:/usr/lib"/>
    <property name="java.vm.info" value="mixed mode, sharing"/>
    <property name="java.vendor" value="Ubuntu"/>
    <property name="java.vm.version" value="11.0.9.1+1-Ubuntu-0ubuntu1.20.04"/>
    <property name="sun.io.unicode.encoding" value="UnicodeLittle"/>
    <property name="java.class.version" value="55.0"/>
  </properties>
  <testcase name="Given Je me connecte a l&apos;application OrangeHRM" classname="Scenario: Authentification - OrangeHRM" time="0.004"/>
  <testcase name="When Je saisie Username &quot;Admin&quot;" classname="Scenario: Authentification - OrangeHRM" time="0"/>
  <testcase name="And Je saisie Password &quot;admin123&quot;" classname="Scenario: Authentification - OrangeHRM" time="0.003"/>
  <testcase name="And Je clique sur le boutton login" classname="Scenario: Authentification - OrangeHRM" time="0"/>
  <testcase name="Then Redirection vers le compte admin &quot;Welcome&quot;" classname="Scenario: Authentification - OrangeHRM" time="0.001"/>
  <testcase name="Scenario: Authentification - OrangeHRM" classname="Scenario: Authentification - OrangeHRM" time="0.681"/>
  <testcase name="com.orangeHRM.e2eTests.TestRunner" classname="com.orangeHRM.e2eTests.TestRunner" time="1.463">
    <error message="InputStream cannot be null" type="java.lang.IllegalArgumentException">java.lang.IllegalArgumentException: InputStream cannot be null
	at com.orangeHRM.e2eTests.TestRunner.writeExtentReport(TestRunner.java:30)
</error>
    <system-out><![CDATA[
  @cnx
  Scenario: Authentification - OrangeHRM            # autentification/Authentification.feature:9
    When Je saisie Username "Admin"                 # AuthentificationStepDefinition.jeSaisieUsername(String)
    And Je saisie Password "admin123"               # AuthentificationStepDefinition.jeSaisiePassword(String)
    And Je clique sur le boutton login              # AuthentificationStepDefinition.jeCliqueSurLeBouttonLogin()
    Then Redirection vers le compte admin "Welcome" # AuthentificationStepDefinition.redirectionVersLeCompteAdmin(String)
]]></system-out>
    <system-err><![CDATA[Feb 06, 2021 7:32:24 PM com.aventstack.extentreports.configuration.ConfigLoader <init>
SEVERE: /src/test/resources/configs/extent-config.xml
java.io.FileNotFoundException: /src/test/resources/configs/extent-config.xml (No such file or directory)
	at java.base/java.io.FileInputStream.open0(Native Method)
	at java.base/java.io.FileInputStream.open(FileInputStream.java:219)
	at java.base/java.io.FileInputStream.<init>(FileInputStream.java:157)
	at com.aventstack.extentreports.configuration.ConfigLoader.<init>(ConfigLoader.java:49)
	at com.aventstack.extentreports.reporter.AbstractReporter.loadXMLConfig(AbstractReporter.java:64)
	at com.cucumber.listener.Reporter.loadXMLConfig(Reporter.java:56)
	at com.orangeHRM.e2eTests.TestRunner.writeExtentReport(TestRunner.java:30)
	at java.base/jdk.internal.reflect.NativeMethodAccessorImpl.invoke0(Native Method)
	at java.base/jdk.internal.reflect.NativeMethodAccessorImpl.invoke(NativeMethodAccessorImpl.java:62)
	at java.base/jdk.internal.reflect.DelegatingMethodAccessorImpl.invoke(DelegatingMethodAccessorImpl.java:43)
	at java.base/java.lang.reflect.Method.invoke(Method.java:566)
	at org.junit.runners.model.FrameworkMethod$1.runReflectiveCall(FrameworkMethod.java:47)
	at org.junit.internal.runners.model.ReflectiveCallable.run(ReflectiveCallable.java:12)
	at org.junit.runners.model.FrameworkMethod.invokeExplosively(FrameworkMethod.java:44)
	at org.junit.internal.runners.statements.RunAfters.evaluate(RunAfters.java:33)
	at org.junit.runners.ParentRunner.run(ParentRunner.java:309)
	at cucumber.api.junit.Cucumber.run(Cucumber.java:98)
	at org.apache.maven.surefire.junit4.JUnit4Provider.execute(JUnit4Provider.java:365)
	at org.apache.maven.surefire.junit4.JUnit4Provider.executeWithRerun(JUnit4Provider.java:273)
	at org.apache.maven.surefire.junit4.JUnit4Provider.executeTestSet(JUnit4Provider.java:238)
	at org.apache.maven.surefire.junit4.JUnit4Provider.invoke(JUnit4Provider.java:159)
	at org.apache.maven.surefire.booter.ForkedBooter.invokeProviderInSameClassLoader(ForkedBooter.java:384)
	at org.apache.maven.surefire.booter.ForkedBooter.runSuitesInProcess(ForkedBooter.java:345)
	at org.apache.maven.surefire.booter.ForkedBooter.execute(ForkedBooter.java:126)
	at org.apache.maven.surefire.booter.ForkedBooter.main(ForkedBooter.java:418)

]]></system-err>
  </testcase>
</testsuite>